0 info it worked if it ends with ok
1 verbose cli [ '/usr/local/bin/node', '/usr/local/bin/npm', 'start' ]
2 info using npm@3.8.9
3 info using node@v6.2.0
4 verbose run-script [ 'prestart', 'start', 'poststart' ]
5 info lifecycle bistu-data-minging-show@0.0.1~prestart: bistu-data-minging-show@0.0.1
6 silly lifecycle bistu-data-minging-show@0.0.1~prestart: no script for prestart, continuing
7 info lifecycle bistu-data-minging-show@0.0.1~start: bistu-data-minging-show@0.0.1
8 verbose lifecycle bistu-data-minging-show@0.0.1~start: unsafe-perm in lifecycle true
9 verbose lifecycle bistu-data-minging-show@0.0.1~start: PATH: /usr/local/lib/node_modules/npm/bin/node-gyp-bin:/Users/huchuan/Desktop/bistu_music_web/node_modules/.bin:/usr/local/bin:/usr/local/bin:/usr/bin:/bin:/usr/sbin:/sbin:/opt/X11/bin:/usr/local/aria2/bin
10 verbose lifecycle bistu-data-minging-show@0.0.1~start: CWD: /Users/huchuan/Desktop/bistu_music_web
11 silly lifecycle bistu-data-minging-show@0.0.1~start: Args: [ '-c', 'node app' ]
12 silly lifecycle bistu-data-minging-show@0.0.1~start: Returned: code: 1  signal: null
13 info lifecycle bistu-data-minging-show@0.0.1~start: Failed to exec start script
14 verbose stack Error: bistu-data-minging-show@0.0.1 start: `node app`
14 verbose stack Exit status 1
14 verbose stack     at EventEmitter.<anonymous> (/usr/local/lib/node_modules/npm/lib/utils/lifecycle.js:245:16)
14 verbose stack     at emitTwo (events.js:106:13)
14 verbose stack     at EventEmitter.emit (events.js:191:7)
14 verbose stack     at ChildProcess.<anonymous> (/usr/local/lib/node_modules/npm/lib/utils/spawn.js:24:14)
14 verbose stack     at emitTwo (events.js:106:13)
14 verbose stack     at ChildProcess.emit (events.js:191:7)
14 verbose stack     at maybeClose (internal/child_process.js:850:16)
14 verbose stack     at Process.ChildProcess._handle.onexit (internal/child_process.js:215:5)
15 verbose pkgid bistu-data-minging-show@0.0.1
16 verbose cwd /Users/huchuan/Desktop/bistu_music_web
17 error Darwin 16.1.0
18 error argv "/usr/local/bin/node" "/usr/local/bin/npm" "start"
19 error node v6.2.0
20 error npm  v3.8.9
21 error code ELIFECYCLE
22 error bistu-data-minging-show@0.0.1 start: `node app`
22 error Exit status 1
23 error Failed at the bistu-data-minging-show@0.0.1 start script 'node app'.
23 error Make sure you have the latest version of node.js and npm installed.
23 error If you do, this is most likely a problem with the bistu-data-minging-show package,
23 error not with npm itself.
23 error Tell the author that this fails on your system:
23 error     node app
23 error You can get information on how to open an issue for this project with:
23 error     npm bugs bistu-data-minging-show
23 error Or if that isn't available, you can get their info via:
23 error     npm owner ls bistu-data-minging-show
23 error There is likely additional logging output above.
24 verbose exit [ 1, true ]
